#
# There is insufficient memory for the Java Runtime Environment to continue.
# Native memory allocation (malloc) failed to allocate 149968 bytes. Error detail: Chunk::new
# Possible reasons:
#   The system is out of physical RAM or swap space
#   This process is running with CompressedOops enabled, and the Java Heap may be blocking the growth of the native heap
# Possible solutions:
#   Reduce memory load on the system
#   Increase physical memory or swap space
#   Check if swap backing store is full
#   Decrease Java heap size (-Xmx/-Xms)
#   Decrease number of Java threads
#   Decrease Java thread stack sizes (-Xss)
#   Set larger code cache with -XX:ReservedCodeCacheSize=
#   JVM is running with Unscaled Compressed Oops mode in which the Java heap is
#     placed in the first 4GB address space. The Java Heap base address is the
#     maximum limit for the native heap growth. Please use -XX:HeapBaseMinAddress
#     to set the Java Heap base and to place the Java Heap above 4GB virtual address.
# This output file may be truncated or incomplete.
#
#  Out of Memory Error (arena.cpp:168), pid=5260, tid=8460
#
# JRE version: OpenJDK Runtime Environment Temurin-21.0.9+10 (21.0.9+10) (build 21.0.9+10-LTS)
# Java VM: OpenJDK 64-Bit Server VM Temurin-21.0.9+10 (21.0.9+10-LTS, mixed mode, sharing, tiered, compressed oops, compressed class ptrs, g1 gc, windows-amd64)
# No core dump will be written. Minidumps are not enabled by default on client versions of Windows
#

---------------  S U M M A R Y ------------

Command Line: -Dfile.encoding=UTF-8 -Dstdout.encoding=UTF-8 -Dstderr.encoding=UTF-8 -XX:+ShowCodeDetailsInExceptionMessages edu.yacoubi.LeaveRequest.Main

Host: Intel(R) Core(TM) i5-5300U CPU @ 2.30GHz, 4 cores, 7G,  Windows 10 , 64 bit Build 19041 (10.0.19041.5915)
Time: Fri Jan  2 15:50:09 2026 elapsed time: 3.822724 seconds (0d 0h 0m 3s)

---------------  T H R E A D  ---------------

Current thread (0x000001f0fe5bb6d0):  JavaThread "C2 CompilerThread0" daemon [_thread_in_native, id=8460, stack(0x0000005b04c00000,0x0000005b04d00000) (1024K)]


Current CompileTask:
C2:3822 2114       4       java.lang.AbstractStringBuilder::append (55 bytes)

Stack: [0x0000005b04c00000,0x0000005b04d00000]
Native frames: (J=compiled Java code, j=interpreted, Vv=VM code, C=native code)
V  [jvm.dll+0x6d6e29]
V  [jvm.dll+0x8b4b76]
V  [jvm.dll+0x8b712e]
V  [jvm.dll+0x8b7813]
V  [jvm.dll+0x283d86]
V  [jvm.dll+0xc66ed]
V  [jvm.dll+0xc6c31]
V  [jvm.dll+0x3be53b]
V  [jvm.dll+0x38ab92]
V  [jvm.dll+0x389fda]
V  [jvm.dll+0x24bfa0]
V  [jvm.dll+0x24b580]
V  [jvm.dll+0x1cb13e]
V  [jvm.dll+0x25b29d]
V  [jvm.dll+0x25982a]
V  [jvm.dll+0x3f7ea6]
V  [jvm.dll+0x85e9ad]
V  [jvm.dll+0x6d565d]
C  [ucrtbase.dll+0x21bb2]
C  [KERNEL32.DLL+0x17374]
C  [ntdll.dll+0x4cc91]


---------------  P R O C E S S  ---------------

Threads class SMR info:
_java_thread_list=0x000001f0d6814f30, length=13, elements={
0x000001f0f7fa6f30, 0x000001f0fe5b0850, 0x000001f0fe5b20b0, 0x000001f0fe5b67d0,
0x000001f0fe5b94b0, 0x000001f0fe5b9f00, 0x000001f0fe5ba950, 0x000001f0fe5bb6d0,
0x000001f0fe5fe8d0, 0x000001f0fe7e7d60, 0x000001f0fe7fc4e0, 0x000001f0d6521d10,
0x000001f0d680ffb0
}

Java Threads: ( => current thread )
  0x000001f0f7fa6f30 JavaThread "main"                              [_thread_in_vm, id=11404, stack(0x0000005b03e00000,0x0000005b03f00000) (1024K)]
  0x000001f0fe5b0850 JavaThread "Reference Handler"          daemon [_thread_blocked, id=2592, stack(0x0000005b04600000,0x0000005b04700000) (1024K)]
  0x000001f0fe5b20b0 JavaThread "Finalizer"                  daemon [_thread_blocked, id=7744, stack(0x0000005b04700000,0x0000005b04800000) (1024K)]
  0x000001f0fe5b67d0 JavaThread "Signal Dispatcher"          daemon [_thread_blocked, id=15236, stack(0x0000005b04800000,0x0000005b04900000) (1024K)]
  0x000001f0fe5b94b0 JavaThread "Attach Listener"            daemon [_thread_blocked, id=12076, stack(0x0000005b04900000,0x0000005b04a00000) (1024K)]
  0x000001f0fe5b9f00 JavaThread "Service Thread"             daemon [_thread_blocked, id=13428, stack(0x0000005b04a00000,0x0000005b04b00000) (1024K)]
  0x000001f0fe5ba950 JavaThread "Monitor Deflation Thread"   daemon [_thread_blocked, id=13864, stack(0x0000005b04b00000,0x0000005b04c00000) (1024K)]
=>0x000001f0fe5bb6d0 JavaThread "C2 CompilerThread0"         daemon [_thread_in_native, id=8460, stack(0x0000005b04c00000,0x0000005b04d00000) (1024K)]
  0x000001f0fe5fe8d0 JavaThread "C1 CompilerThread0"         daemon [_thread_blocked, id=15548, stack(0x0000005b04d00000,0x0000005b04e00000) (1024K)]
  0x000001f0fe7e7d60 JavaThread "Notification Thread"        daemon [_thread_blocked, id=9364, stack(0x0000005b04e00000,0x0000005b04f00000) (1024K)]
  0x000001f0fe7fc4e0 JavaThread "Common-Cleaner"             daemon [_thread_blocked, id=14872, stack(0x0000005b04f00000,0x0000005b05000000) (1024K)]
  0x000001f0d6521d10 JavaThread "background-preinit"                [_thread_in_Java, id=3684, stack(0x0000005b05400000,0x0000005b05500000) (1024K)]
  0x000001f0d680ffb0 JavaThread "Thread-0"                          [_thread_in_Java, id=7764, stack(0x0000005b05500000,0x0000005b05600000) (1024K)]
Total: 13

Other Threads:
  0x000001f0fe58e2a0 VMThread "VM Thread"                           [id=8092, stack(0x0000005b04500000,0x0000005b04600000) (1024K)]
  0x000001f0fe57ef70 WatcherThread "VM Periodic Task Thread"        [id=9608, stack(0x0000005b04400000,0x0000005b04500000) (1024K)]
  0x000001f0f8004270 WorkerThread "GC Thread#0"                     [id=12728, stack(0x0000005b03f00000,0x0000005b04000000) (1024K)]
  0x000001f0fee592c0 WorkerThread "GC Thread#1"                     [id=6136, stack(0x0000005b05000000,0x0000005b05100000) (1024K)]
  0x000001f0fee59660 WorkerThread "GC Thread#2"                     [id=12688, stack(0x0000005b05100000,0x0000005b05200000) (1024K)]
  0x000001f0fef09a40 WorkerThread "GC Thread#3"                     [id=1308, stack(0x0000005b05200000,0x0000005b05300000) (1024K)]
  0x000001f0f8014e90 ConcurrentGCThread "G1 Main Marker"            [id=8032, stack(0x0000005b04000000,0x0000005b04100000) (1024K)]
  0x000001f0f80162e0 WorkerThread "G1 Conc#0"                       [id=13096, stack(0x0000005b04100000,0x0000005b04200000) (1024K)]
  0x000001f0fe43f550 ConcurrentGCThread "G1 Refine#0"               [id=2112, stack(0x0000005b04200000,0x0000005b04300000) (1024K)]
  0x000001f0fe441f70 ConcurrentGCThread "G1 Service"                [id=3960, stack(0x0000005b04300000,0x0000005b04400000) (1024K)]
Total: 10

Threads with active compile tasks:
C2 CompilerThread0  3859 2114       4       java.lang.AbstractStringBuilder::append (55 bytes)
Total: 1

VM state: not at safepoint (normal execution)

VM Mutex/Monitor currently owned by a thread: None

Heap address: 0x0000000081e00000, size: 2018 MB, Compressed Oops mode: 32-bit

CDS archive(s) mapped at: [0x000001f091000000-0x000001f091c80000-0x000001f091c80000), size 13107200, SharedBaseAddress: 0x000001f091000000, ArchiveRelocationMode: 1.
Compressed class space mapped at: 0x000001f092000000-0x000001f0d2000000, reserved size: 1073741824
Narrow klass base: 0x000001f091000000, Narrow klass shift: 0, Narrow klass range: 0x100000000

GC Precious Log:
 CardTable entry size: 512
 Card Set container configuration: InlinePtr #cards 5 size 8 Array Of Cards #cards 12 size 40 Howl #buckets 4 coarsen threshold 1843 Howl Bitmap #cards 512 size 80 coarsen threshold 460 Card regions per heap region 1 cards per card region 2048
 CPUs: 4 total, 4 available
 Memory: 8067M
 Large Page Support: Disabled
 NUMA Support: Disabled
 Compressed Oops: Enabled (32-bit)
 Heap Region Size: 1M
 Heap Min Capacity: 8M
 Heap Initial Capacity: 128M
 Heap Max Capacity: 2018M
 Pre-touch: Disabled
 Parallel Workers: 4
 Concurrent Workers: 1
 Concurrent Refinement Workers: 4
 Periodic GC: Disabled

Heap:
 garbage-first heap   total 131072K, used 33380K [0x0000000081e00000, 0x0000000100000000)
  region size 1024K, 27 young (27648K), 3 survivors (3072K)
 Metaspace       used 16113K, committed 16384K, reserved 1114112K
  class space    used 2096K, committed 2176K, reserved 1048576K

Heap Regions: E=young(eden), S=young(survivor), O=old, HS=humongous(starts), HC=humongous(continues), CS=collection set, F=free, TAMS=top-at-mark-start, PB=parsable bottom
|   0|0x0000000081e00000, 0x0000000081f00000, 0x0000000081f00000|100%|HS|  |TAMS 0x0000000081e00000| PB 0x0000000081e00000| Complete 
|   1|0x0000000081f00000, 0x0000000082000000, 0x0000000082000000|100%| O|  |TAMS 0x0000000081f00000| PB 0x0000000081f00000| Untracked 
|   2|0x0000000082000000, 0x0000000082100000, 0x0000000082100000|100%| O|  |TAMS 0x0000000082000000| PB 0x0000000082000000| Untracked 
|   3|0x0000000082100000, 0x0000000082200000, 0x0000000082200000|100%| O|  |TAMS 0x0000000082100000| PB 0x0000000082100000| Untracked 
|   4|0x0000000082200000, 0x0000000082300000, 0x0000000082300000|100%| O|  |TAMS 0x0000000082200000| PB 0x0000000082200000| Untracked 
|   5|0x0000000082300000, 0x0000000082400000, 0x0000000082400000|100%| O|  |TAMS 0x0000000082300000| PB 0x0000000082300000| Untracked 
|   6|0x0000000082400000, 0x0000000082500000, 0x0000000082500000|100%| O|  |TAMS 0x0000000082400000| PB 0x0000000082400000| Untracked 
|   7|0x0000000082500000, 0x00000000825c8980, 0x0000000082600000| 78%| O|  |TAMS 0x0000000082500000| PB 0x0000000082500000| Untracked 
|   8|0x0000000082600000, 0x0000000082600000, 0x0000000082700000|  0%| F|  |TAMS 0x0000000082600000| PB 0x0000000082600000| Untracked 
|   9|0x0000000082700000, 0x0000000082700000, 0x0000000082800000|  0%| F|  |TAMS 0x0000000082700000| PB 0x0000000082700000| Untracked 
|  10|0x0000000082800000, 0x0000000082800000, 0x0000000082900000|  0%| F|  |TAMS 0x0000000082800000| PB 0x0000000082800000| Untracked 
|  11|0x0000000082900000, 0x0000000082900000, 0x0000000082a00000|  0%| F|  |TAMS 0x0000000082900000| PB 0x0000000082900000| Untracked 
|  12|0x0000000082a00000, 0x0000000082a00000, 0x0000000082b00000|  0%| F|  |TAMS 0x0000000082a00000| PB 0x0000000082a00000| Untracked 
|  13|0x0000000082b00000, 0x0000000082b00000, 0x0000000082c00000|  0%| F|  |TAMS 0x0000000082b00000| PB 0x0000000082b00000| Untracked 
|  14|0x0000000082c00000, 0x0000000082c00000, 0x0000000082d00000|  0%| F|  |TAMS 0x0000000082c00000| PB 0x0000000082c00000| Untracked 
|  15|0x0000000082d00000, 0x0000000082d00000, 0x0000000082e00000|  0%| F|  |TAMS 0x0000000082d00000| PB 0x0000000082d00000| Untracked 
|  16|0x0000000082e00000, 0x0000000082e00000, 0x0000000082f00000|  0%| F|  |TAMS 0x0000000082e00000| PB 0x0000000082e00000| Untracked 
|  17|0x0000000082f00000, 0x0000000082f00000, 0x0000000083000000|  0%| F|  |TAMS 0x0000000082f00000| PB 0x0000000082f00000| Untracked 
|  18|0x0000000083000000, 0x0000000083000000, 0x0000000083100000|  0%| F|  |TAMS 0x0000000083000000| PB 0x0000000083000000| Untracked 
|  19|0x0000000083100000, 0x0000000083100000, 0x0000000083200000|  0%| F|  |TAMS 0x0000000083100000| PB 0x0000000083100000| Untracked 
|  20|0x0000000083200000, 0x0000000083200000, 0x0000000083300000|  0%| F|  |TAMS 0x0000000083200000| PB 0x0000000083200000| Untracked 
|  21|0x0000000083300000, 0x0000000083300000, 0x0000000083400000|  0%| F|  |TAMS 0x0000000083300000| PB 0x0000000083300000| Untracked 
|  22|0x0000000083400000, 0x0000000083400000, 0x0000000083500000|  0%| F|  |TAMS 0x0000000083400000| PB 0x0000000083400000| Untracked 
|  23|0x0000000083500000, 0x0000000083500000, 0x0000000083600000|  0%| F|  |TAMS 0x0000000083500000| PB 0x0000000083500000| Untracked 
|  24|0x0000000083600000, 0x0000000083600000, 0x0000000083700000|  0%| F|  |TAMS 0x0000000083600000| PB 0x0000000083600000| Untracked 
|  25|0x0000000083700000, 0x0000000083700000, 0x0000000083800000|  0%| F|  |TAMS 0x0000000083700000| PB 0x0000000083700000| Untracked 
|  26|0x0000000083800000, 0x0000000083800000, 0x0000000083900000|  0%| F|  |TAMS 0x0000000083800000| PB 0x0000000083800000| Untracked 
|  27|0x0000000083900000, 0x0000000083900000, 0x0000000083a00000|  0%| F|  |TAMS 0x0000000083900000| PB 0x0000000083900000| Untracked 
|  28|0x0000000083a00000, 0x0000000083a00000, 0x0000000083b00000|  0%| F|  |TAMS 0x0000000083a00000| PB 0x0000000083a00000| Untracked 
|  29|0x0000000083b00000, 0x0000000083b00000, 0x0000000083c00000|  0%| F|  |TAMS 0x0000000083b00000| PB 0x0000000083b00000| Untracked 
|  30|0x0000000083c00000, 0x0000000083c00000, 0x0000000083d00000|  0%| F|  |TAMS 0x0000000083c00000| PB 0x0000000083c00000| Untracked 
|  31|0x0000000083d00000, 0x0000000083d00000, 0x0000000083e00000|  0%| F|  |TAMS 0x0000000083d00000| PB 0x0000000083d00000| Untracked 
|  32|0x0000000083e00000, 0x0000000083e00000, 0x0000000083f00000|  0%| F|  |TAMS 0x0000000083e00000| PB 0x0000000083e00000| Untracked 
|  33|0x0000000083f00000, 0x0000000083f00000, 0x0000000084000000|  0%| F|  |TAMS 0x0000000083f00000| PB 0x0000000083f00000| Untracked 
|  34|0x0000000084000000, 0x0000000084000000, 0x0000000084100000|  0%| F|  |TAMS 0x0000000084000000| PB 0x0000000084000000| Untracked 
|  35|0x0000000084100000, 0x0000000084100000, 0x0000000084200000|  0%| F|  |TAMS 0x0000000084100000| PB 0x0000000084100000| Untracked 
|  36|0x0000000084200000, 0x0000000084200000, 0x0000000084300000|  0%| F|  |TAMS 0x0000000084200000| PB 0x0000000084200000| Untracked 
|  37|0x0000000084300000, 0x0000000084300000, 0x0000000084400000|  0%| F|  |TAMS 0x0000000084300000| PB 0x0000000084300000| Untracked 
|  38|0x0000000084400000, 0x0000000084400000, 0x0000000084500000|  0%| F|  |TAMS 0x0000000084400000| PB 0x0000000084400000| Untracked 
|  39|0x0000000084500000, 0x0000000084500000, 0x0000000084600000|  0%| F|  |TAMS 0x0000000084500000| PB 0x0000000084500000| Untracked 
|  40|0x0000000084600000, 0x0000000084600000, 0x0000000084700000|  0%| F|  |TAMS 0x0000000084600000| PB 0x0000000084600000| Untracked 
|  41|0x0000000084700000, 0x0000000084700000, 0x0000000084800000|  0%| F|  |TAMS 0x0000000084700000| PB 0x0000000084700000| Untracked 
|  42|0x0000000084800000, 0x0000000084800000, 0x0000000084900000|  0%| F|  |TAMS 0x0000000084800000| PB 0x0000000084800000| Untracked 
|  43|0x0000000084900000, 0x0000000084900000, 0x0000000084a00000|  0%| F|  |TAMS 0x0000000084900000| PB 0x0000000084900000| Untracked 
|  44|0x0000000084a00000, 0x0000000084a00000, 0x0000000084b00000|  0%| F|  |TAMS 0x0000000084a00000| PB 0x0000000084a00000| Untracked 
|  45|0x0000000084b00000, 0x0000000084b00000, 0x0000000084c00000|  0%| F|  |TAMS 0x0000000084b00000| PB 0x0000000084b00000| Untracked 
|  46|0x0000000084c00000, 0x0000000084c00000, 0x0000000084d00000|  0%| F|  |TAMS 0x0000000084c00000| PB 0x0000000084c00000| Untracked 
|  47|0x0000000084d00000, 0x0000000084d00000, 0x0000000084e00000|  0%| F|  |TAMS 0x0000000084d00000| PB 0x0000000084d00000| Untracked 
|  48|0x0000000084e00000, 0x0000000084e00000, 0x0000000084f00000|  0%| F|  |TAMS 0x0000000084e00000| PB 0x0000000084e00000| Untracked 
|  49|0x0000000084f00000, 0x0000000084f00000, 0x0000000085000000|  0%| F|  |TAMS 0x0000000084f00000| PB 0x0000000084f00000| Untracked 
|  50|0x0000000085000000, 0x0000000085000000, 0x0000000085100000|  0%| F|  |TAMS 0x0000000085000000| PB 0x0000000085000000| Untracked 
|  51|0x0000000085100000, 0x0000000085100000, 0x0000000085200000|  0%| F|  |TAMS 0x0000000085100000| PB 0x0000000085100000| Untracked 
|  52|0x0000000085200000, 0x0000000085200000, 0x0000000085300000|  0%| F|  |TAMS 0x0000000085200000| PB 0x0000000085200000| Untracked 
|  53|0x0000000085300000, 0x0000000085300000, 0x0000000085400000|  0%| F|  |TAMS 0x0000000085300000| PB 0x0000000085300000| Untracked 
|  54|0x0000000085400000, 0x0000000085400000, 0x0000000085500000|  0%| F|  |TAMS 0x0000000085400000| PB 0x0000000085400000| Untracked 
|  55|0x0000000085500000, 0x0000000085500000, 0x0000000085600000|  0%| F|  |TAMS 0x0000000085500000| PB 0x0000000085500000| Untracked 
|  56|0x0000000085600000, 0x0000000085600000, 0x0000000085700000|  0%| F|  |TAMS 0x0000000085600000| PB 0x0000000085600000| Untracked 
|  57|0x0000000085700000, 0x0000000085700000, 0x0000000085800000|  0%| F|  |TAMS 0x0000000085700000| PB 0x0000000085700000| Untracked 
|  58|0x0000000085800000, 0x0000000085800000, 0x0000000085900000|  0%| F|  |TAMS 0x0000000085800000| PB 0x0000000085800000| Untracked 
|  59|0x0000000085900000, 0x0000000085900000, 0x0000000085a00000|  0%| F|  |TAMS 0x0000000085900000| PB 0x0000000085900000| Untracked 
|  60|0x0000000085a00000, 0x0000000085a00000, 0x0000000085b00000|  0%| F|  |TAMS 0x0000000085a00000| PB 0x0000000085a00000| Untracked 
|  61|0x0000000085b00000, 0x0000000085b00000, 0x0000000085c00000|  0%| F|  |TAMS 0x0000000085b00000| PB 0x0000000085b00000| Untracked 
|  62|0x0000000085c00000, 0x0000000085c00000, 0x0000000085d00000|  0%| F|  |TAMS 0x0000000085c00000| PB 0x0000000085c00000| Untracked 
|  63|0x0000000085d00000, 0x0000000085d00000, 0x0000000085e00000|  0%| F|  |TAMS 0x0000000085d00000| PB 0x0000000085d00000| Untracked 
|  64|0x0000000085e00000, 0x0000000085e00000, 0x0000000085f00000|  0%| F|  |TAMS 0x0000000085e00000| PB 0x0000000085e00000| Untracked 
|  65|0x0000000085f00000, 0x0000000085f00000, 0x0000000086000000|  0%| F|  |TAMS 0x0000000085f00000| PB 0x0000000085f00000| Untracked 
|  66|0x0000000086000000, 0x0000000086000000, 0x0000000086100000|  0%| F|  |TAMS 0x0000000086000000| PB 0x0000000086000000| Untracked 
|  67|0x0000000086100000, 0x0000000086100000, 0x0000000086200000|  0%| F|  |TAMS 0x0000000086100000| PB 0x0000000086100000| Untracked 
|  68|0x0000000086200000, 0x0000000086200000, 0x0000000086300000|  0%| F|  |TAMS 0x0000000086200000| PB 0x0000000086200000| Untracked 
|  69|0x0000000086300000, 0x0000000086300000, 0x0000000086400000|  0%| F|  |TAMS 0x0000000086300000| PB 0x0000000086300000| Untracked 
|  70|0x0000000086400000, 0x0000000086400000, 0x0000000086500000|  0%| F|  |TAMS 0x0000000086400000| PB 0x0000000086400000| Untracked 
|  71|0x0000000086500000, 0x0000000086500000, 0x0000000086600000|  0%| F|  |TAMS 0x0000000086500000| PB 0x0000000086500000| Untracked 
|  72|0x0000000086600000, 0x0000000086600000, 0x0000000086700000|  0%| F|  |TAMS 0x0000000086600000| PB 0x0000000086600000| Untracked 
|  73|0x0000000086700000, 0x0000000086700000, 0x0000000086800000|  0%| F|  |TAMS 0x0000000086700000| PB 0x0000000086700000| Untracked 
|  74|0x0000000086800000, 0x0000000086800000, 0x0000000086900000|  0%| F|  |TAMS 0x0000000086800000| PB 0x0000000086800000| Untracked 
|  75|0x0000000086900000, 0x0000000086900000, 0x0000000086a00000|  0%| F|  |TAMS 0x0000000086900000| PB 0x0000000086900000| Untracked 
|  76|0x0000000086a00000, 0x0000000086a00000, 0x0000000086b00000|  0%| F|  |TAMS 0x0000000086a00000| PB 0x0000000086a00000| Untracked 
|  77|0x0000000086b00000, 0x0000000086b00000, 0x0000000086c00000|  0%| F|  |TAMS 0x0000000086b00000| PB 0x0000000086b00000| Untracked 
|  78|0x0000000086c00000, 0x0000000086c00000, 0x0000000086d00000|  0%| F|  |TAMS 0x0000000086c00000| PB 0x0000000086c00000| Untracked 
|  79|0x0000000086d00000, 0x0000000086d00000, 0x0000000086e00000|  0%| F|  |TAMS 0x0000000086d00000| PB 0x0000000086d00000| Untracked 
|  80|0x0000000086e00000, 0x0000000086e00000, 0x0000000086f00000|  0%| F|  |TAMS 0x0000000086e00000| PB 0x0000000086e00000| Untracked 
|  81|0x0000000086f00000, 0x0000000086f00000, 0x0000000087000000|  0%| F|  |TAMS 0x0000000086f00000| PB 0x0000000086f00000| Untracked 
|  82|0x0000000087000000, 0x0000000087000000, 0x0000000087100000|  0%| F|  |TAMS 0x0000000087000000| PB 0x0000000087000000| Untracked 
|  83|0x0000000087100000, 0x0000000087100000, 0x0000000087200000|  0%| F|  |TAMS 0x0000000087100000| PB 0x0000000087100000| Untracked 
|  84|0x0000000087200000, 0x0000000087200000, 0x0000000087300000|  0%| F|  |TAMS 0x0000000087200000| PB 0x0000000087200000| Untracked 
|  85|0x0000000087300000, 0x0000000087300000, 0x0000000087400000|  0%| F|  |TAMS 0x0000000087300000| PB 0x0000000087300000| Untracked 
|  86|0x0000000087400000, 0x0000000087400000, 0x0000000087500000|  0%| F|  |TAMS 0x0000000087400000| PB 0x0000000087400000| Untracked 
|  87|0x0000000087500000, 0x0000000087500000, 0x0000000087600000|  0%| F|  |TAMS 0x0000000087500000| PB 0x0000000087500000| Untracked 
|  88|0x0000000087600000, 0x0000000087600000, 0x0000000087700000|  0%| F|  |TAMS 0x0000000087600000| PB 0x0000000087600000| Untracked 
|  89|0x0000000087700000, 0x0000000087700000, 0x0000000087800000|  0%| F|  |TAMS 0x0000000087700000| PB 0x0000000087700000| Untracked 
|  90|0x0000000087800000, 0x0000000087800000, 0x0000000087900000|  0%| F|  |TAMS 0x0000000087800000| PB 0x0000000087800000| Untracked 
|  91|0x0000000087900000, 0x0000000087900000, 0x0000000087a00000|  0%| F|  |TAMS 0x0000000087900000| PB 0x0000000087900000| Untracked 
|  92|0x0000000087a00000, 0x0000000087a00000, 0x0000000087b00000|  0%| F|  |TAMS 0x0000000087a00000| PB 0x0000000087a00000| Untracked 
|  93|0x0000000087b00000, 0x0000000087b00000, 0x0000000087c00000|  0%| F|  |TAMS 0x0000000087b00000| PB 0x0000000087b00000| Untracked 
|  94|0x0000000087c00000, 0x0000000087c00000, 0x0000000087d00000|  0%| F|  |TAMS 0x0000000087c00000| PB 0x0000000087c00000| Untracked 
|  95|0x0000000087d00000, 0x0000000087d00000, 0x0000000087e00000|  0%| F|  |TAMS 0x0000000087d00000| PB 0x0000000087d00000| Untracked 
|  96|0x0000000087e00000, 0x0000000087e00000, 0x0000000087f00000|  0%| F|  |TAMS 0x0000000087e00000| PB 0x0000000087e00000| Untracked 
|  97|0x0000000087f00000, 0x0000000087f00000, 0x0000000088000000|  0%| F|  |TAMS 0x0000000087f00000| PB 0x0000000087f00000| Untracked 
|  98|0x0000000088000000, 0x0000000088000000, 0x0000000088100000|  0%| F|  |TAMS 0x0000000088000000| PB 0x0000000088000000| Untracked 
|  99|0x0000000088100000, 0x0000000088100000, 0x0000000088200000|  0%| F|  |TAMS 0x0000000088100000| PB 0x0000000088100000| Untracked 
| 100|0x0000000088200000, 0x0000000088200000, 0x0000000088300000|  0%| F|  |TAMS 0x0000000088200000| PB 0x0000000088200000| Untracked 
| 101|0x0000000088300000, 0x0000000088400000, 0x0000000088400000|100%| E|  |TAMS 0x0000000088300000| PB 0x0000000088300000| Complete 
| 102|0x0000000088400000, 0x00000000884ffc00, 0x0000000088500000| 99%| E|  |TAMS 0x0000000088400000| PB 0x0000000088400000| Complete 
| 103|0x0000000088500000, 0x00000000885d0a60, 0x0000000088600000| 81%| S|CS|TAMS 0x0000000088500000| PB 0x0000000088500000| Complete 
| 104|0x0000000088600000, 0x0000000088700000, 0x0000000088700000|100%| S|CS|TAMS 0x0000000088600000| PB 0x0000000088600000| Complete 
| 105|0x0000000088700000, 0x0000000088800000, 0x0000000088800000|100%| S|CS|TAMS 0x0000000088700000| PB 0x0000000088700000| Complete 
| 106|0x0000000088800000, 0x0000000088900000, 0x0000000088900000|100%| E|CS|TAMS 0x0000000088800000| PB 0x0000000088800000| Complete 
| 107|0x0000000088900000, 0x0000000088a00000, 0x0000000088a00000|100%| E|CS|TAMS 0x0000000088900000| PB 0x0000000088900000| Complete 
| 108|0x0000000088a00000, 0x0000000088b00000, 0x0000000088b00000|100%| E|CS|TAMS 0x0000000088a00000| PB 0x0000000088a00000| Complete 
| 109|0x0000000088b00000, 0x0000000088c00000, 0x0000000088c00000|100%| E|CS|TAMS 0x0000000088b00000| PB 0x0000000088b00000| Complete 
| 110|0x0000000088c00000, 0x0000000088d00000, 0x0000000088d00000|100%| E|CS|TAMS 0x0000000088c00000| PB 0x0000000088c00000| Complete 
| 111|0x0000000088d00000, 0x0000000088e00000, 0x0000000088e00000|100%| E|CS|TAMS 0x0000000088d00000| PB 0x0000000088d00000| Complete 
| 112|0x0000000088e00000, 0x0000000088f00000, 0x0000000088f00000|100%| E|CS|TAMS 0x0000000088e00000| PB 0x0000000088e00000| Complete 
| 113|0x0000000088f00000, 0x0000000089000000, 0x0000000089000000|100%| E|CS|TAMS 0x0000000088f00000| PB 0x0000000088f00000| Complete 
| 114|0x0000000089000000, 0x0000000089100000, 0x0000000089100000|100%| E|CS|TAMS 0x0000000089000000| PB 0x0000000089000000| Complete 
| 115|0x0000000089100000, 0x0000000089200000, 0x0000000089200000|100%| E|CS|TAMS 0x0000000089100000| PB 0x0000000089100000| Complete 
| 116|0x0000000089200000, 0x0000000089300000, 0x0000000089300000|100%| E|CS|TAMS 0x0000000089200000| PB 0x0000000089200000| Complete 
| 117|0x0000000089300000, 0x0000000089400000, 0x0000000089400000|100%| E|CS|TAMS 0x0000000089300000| PB 0x0000000089300000| Complete 
| 118|0x0000000089400000, 0x0000000089500000, 0x0000000089500000|100%| E|CS|TAMS 0x0000000089400000| PB 0x0000000089400000| Complete 
| 119|0x0000000089500000, 0x0000000089600000, 0x0000000089600000|100%| E|CS|TAMS 0x0000000089500000| PB 0x0000000089500000| Complete 
| 120|0x0000000089600000, 0x0000000089700000, 0x0000000089700000|100%| E|CS|TAMS 0x0000000089600000| PB 0x0000000089600000| Complete 
| 121|0x0000000089700000, 0x0000000089800000, 0x0000000089800000|100%| E|CS|TAMS 0x0000000089700000| PB 0x0000000089700000| Complete 
| 122|0x0000000089800000, 0x0000000089900000, 0x0000000089900000|100%| E|CS|TAMS 0x0000000089800000| PB 0x0000000089800000| Complete 
| 123|0x0000000089900000, 0x0000000089a00000, 0x0000000089a00000|100%| E|CS|TAMS 0x0000000089900000| PB 0x0000000089900000| Complete 
| 124|0x0000000089a00000, 0x0000000089b00000, 0x0000000089b00000|100%| E|CS|TAMS 0x0000000089a00000| PB 0x0000000089a00000| Complete 
| 125|0x0000000089b00000, 0x0000000089c00000, 0x0000000089c00000|100%| E|CS|TAMS 0x0000000089b00000| PB 0x0000000089b00000| Complete 
| 126|0x0000000089c00000, 0x0000000089d00000, 0x0000000089d00000|100%| E|CS|TAMS 0x0000000089c00000| PB 0x0000000089c00000| Complete 
| 127|0x0000000089d00000, 0x0000000089e00000, 0x0000000089e00000|100%| E|CS|TAMS 0x0000000089d00000| PB 0x0000000089d00000| Complete 

Card table byte_map: [0x000001f0fbd40000,0x000001f0fc140000] _byte_map_base: 0x000001f0fb931000

Marking Bits: (CMBitMap*) 0x000001f0f8004970
 Bits: [0x000001f0fc140000, 0x000001f0fe0c8000)

Polling page: 0x000001f0f5dc0000

Metaspace:

Usage:
  Non-class:     13.79 MB used.
      Class:      2.06 MB used.
       Both:     15.84 MB used.

Virtual space:
  Non-class space:       64.00 MB reserved,      13.94 MB ( 22%) committed,  1 nodes.
      Class space:        1.00 GB reserved,       2.12 MB ( <1%) committed,  1 nodes.
             Both:        1.06 GB reserved,      16.06 MB (  1%) committed. 

Chunk freelists:
   Non-Class:  1.31 MB
       Class:  13.80 MB
        Both:  15.11 MB

MaxMetaspaceSize: unlimited
CompressedClassSpaceSize: 1.00 GB
Initial GC threshold: 21.00 MB
Current GC threshold: 21.00 MB
CDS: on
 - commit_granule_bytes: 65536.
 - commit_granule_words: 8192.
 - virtual_space_node_default_size: 8388608.
 - enlarge_chunks_in_place: 1.
 - use_allocation_guard: 0.


Internal statistics:

num_allocs_failed_limit: 0.
num_arena_births: 254.
num_arena_deaths: 0.
num_vsnodes_births: 2.
num_vsnodes_deaths: 0.
num_space_committed: 257.
num_space_uncommitted: 0.
num_chunks_returned_to_freelist: 0.
num_chunks_taken_from_freelist: 826.
num_chunk_merges: 0.
num_chunk_splits: 528.
num_chunks_enlarged: 365.
num_inconsistent_stats: 0.

CodeHeap 'non-profiled nmethods': size=120000Kb used=848Kb max_used=848Kb free=119152Kb
 bounds [0x000001f087ad0000, 0x000001f087d40000, 0x000001f08f000000]
CodeHeap 'profiled nmethods': size=120000Kb used=3884Kb max_used=3884Kb free=116115Kb
 bounds [0x000001f080000000, 0x000001f0803d0000, 0x000001f087530000]
CodeHeap 'non-nmethods': size=5760Kb used=1337Kb max_used=1387Kb free=4422Kb
 bounds [0x000001f087530000, 0x000001f0877a0000, 0x000001f087ad0000]
CodeCache: size=245760Kb, used=6069Kb, max_used=6119Kb, free=239689Kb
 total_blobs=2616, nmethods=2115, adapters=405, full_count=0
Compilation: enabled, stopped_count=0, restarted_count=0

Compilation events (20 events):
Event: 3.760 Thread 0x000001f0fe5fe8d0 nmethod 2104 0x000001f0803c5e90 code [0x000001f0803c6080, 0x000001f0803c64d8]
Event: 3.760 Thread 0x000001f0fe5fe8d0 2105       3       java.lang.Package$VersionInfo::getInstance (53 bytes)
Event: 3.760 Thread 0x000001f0fe5fe8d0 nmethod 2105 0x000001f0803c6710 code [0x000001f0803c68e0, 0x000001f0803c6c68]
Event: 3.764 Thread 0x000001f0fe5fe8d0 2106  s    3       java.lang.Throwable::fillInStackTrace (29 bytes)
Event: 3.765 Thread 0x000001f0fe5fe8d0 nmethod 2106 0x000001f0803c6d90 code [0x000001f0803c6f40, 0x000001f0803c7228]
Event: 3.782 Thread 0x000001f0fe5fe8d0 2107       3       java.lang.StringBuilder::<init> (6 bytes)
Event: 3.782 Thread 0x000001f0fe5fe8d0 nmethod 2107 0x000001f0803c7310 code [0x000001f0803c74c0, 0x000001f0803c75f8]
Event: 3.792 Thread 0x000001f0fe5fe8d0 2108       3       java.lang.invoke.LambdaForm$MH/0x000001f09208cc00::invoke (45 bytes)
Event: 3.792 Thread 0x000001f0fe5fe8d0 nmethod 2108 0x000001f0803c7690 code [0x000001f0803c7880, 0x000001f0803c7f58]
Event: 3.793 Thread 0x000001f0fe5fe8d0 2109       3       java.lang.invoke.DirectMethodHandle$Holder::invokeStatic (14 bytes)
Event: 3.793 Thread 0x000001f0fe5fe8d0 nmethod 2109 0x000001f0803c8110 code [0x000001f0803c82e0, 0x000001f0803c8730]
Event: 3.795 Thread 0x000001f0fe5bb6d0 2110       4       java.util.ArrayList$Itr::hasNext (20 bytes)
Event: 3.796 Thread 0x000001f0fe5bb6d0 nmethod 2110 0x000001f087ba3d10 code [0x000001f087ba3ea0, 0x000001f087ba3f50]
Event: 3.804 Thread 0x000001f0fe5fe8d0 2111       3       java.util.Arrays$ArrayList::size (6 bytes)
Event: 3.804 Thread 0x000001f0fe5fe8d0 nmethod 2111 0x000001f0803c8890 code [0x000001f0803c8a20, 0x000001f0803c8b38]
Event: 3.806 Thread 0x000001f0fe5fe8d0 2112       3       java.lang.invoke.LambdaForm$MH/0x000001f09208e800::invoke (110 bytes)
Event: 3.806 Thread 0x000001f0fe5fe8d0 nmethod 2112 0x000001f0803c8c10 code [0x000001f0803c8e60, 0x000001f0803c9c58]
Event: 3.806 Thread 0x000001f0fe5fe8d0 2113       3       java.lang.invoke.LambdaForm$MH/0x000001f09208e000::invoke (46 bytes)
Event: 3.807 Thread 0x000001f0fe5fe8d0 nmethod 2113 0x000001f0803c9f90 code [0x000001f0803ca180, 0x000001f0803ca790]
Event: 3.807 Thread 0x000001f0fe5bb6d0 2114       4       java.lang.AbstractStringBuilder::append (55 bytes)

GC Heap History (6 events):
Event: 1.096 GC heap before
{Heap before GC invocations=0 (full 0):
 garbage-first heap   total 131072K, used 13312K [0x0000000081e00000, 0x0000000100000000)
  region size 1024K, 13 young (13312K), 0 survivors (0K)
 Metaspace       used 2197K, committed 2368K, reserved 1114112K
  class space    used 180K, committed 256K, reserved 1048576K
}
Event: 1.112 GC heap after
{Heap after GC invocations=1 (full 0):
 garbage-first heap   total 131072K, used 8048K [0x0000000081e00000, 0x0000000100000000)
  region size 1024K, 2 young (2048K), 2 survivors (2048K)
 Metaspace       used 2197K, committed 2368K, reserved 1114112K
  class space    used 180K, committed 256K, reserved 1048576K
}
Event: 1.643 GC heap before
{Heap before GC invocations=1 (full 0):
 garbage-first heap   total 131072K, used 17264K [0x0000000081e00000, 0x0000000100000000)
  region size 1024K, 11 young (11264K), 2 survivors (2048K)
 Metaspace       used 4975K, committed 5184K, reserved 1114112K
  class space    used 561K, committed 640K, reserved 1048576K
}
Event: 1.647 GC heap after
{Heap after GC invocations=2 (full 0):
 garbage-first heap   total 131072K, used 9226K [0x0000000081e00000, 0x0000000100000000)
  region size 1024K, 2 young (2048K), 2 survivors (2048K)
 Metaspace       used 4975K, committed 5184K, reserved 1114112K
  class space    used 561K, committed 640K, reserved 1048576K
}
Event: 2.761 GC heap before
{Heap before GC invocations=2 (full 0):
 garbage-first heap   total 131072K, used 29706K [0x0000000081e00000, 0x0000000100000000)
  region size 1024K, 22 young (22528K), 2 survivors (2048K)
 Metaspace       used 10800K, committed 11072K, reserved 1114112K
  class space    used 1359K, committed 1472K, reserved 1048576K
}
Event: 2.768 GC heap after
{Heap after GC invocations=3 (full 0):
 garbage-first heap   total 131072K, used 10852K [0x0000000081e00000, 0x0000000100000000)
  region size 1024K, 3 young (3072K), 3 survivors (3072K)
 Metaspace       used 10800K, committed 11072K, reserved 1114112K
  class space    used 1359K, committed 1472K, reserved 1048576K
}

Dll operation events (6 events):
Event: 0.010 Loaded shared library C:\Users\shop souf\.p2\pool\plugins\org.eclipse.justj.openjdk.hotspot.jre.full.win32.x86_64_21.0.9.v20251105-0741\jre\bin\java.dll
Event: 0.059 Loaded shared library C:\Users\shop souf\.p2\pool\plugins\org.eclipse.justj.openjdk.hotspot.jre.full.win32.x86_64_21.0.9.v20251105-0741\jre\bin\zip.dll
Event: 0.489 Loaded shared library C:\Users\shop souf\.p2\pool\plugins\org.eclipse.justj.openjdk.hotspot.jre.full.win32.x86_64_21.0.9.v20251105-0741\jre\bin\net.dll
Event: 0.492 Loaded shared library C:\Users\shop souf\.p2\pool\plugins\org.eclipse.justj.openjdk.hotspot.jre.full.win32.x86_64_21.0.9.v20251105-0741\jre\bin\nio.dll
Event: 0.499 Loaded shared library C:\Users\shop souf\.p2\pool\plugins\org.eclipse.justj.openjdk.hotspot.jre.full.win32.x86_64_21.0.9.v20251105-0741\jre\bin\zip.dll
Event: 0.840 Loaded shared library C:\Users\shop souf\.p2\pool\plugins\org.eclipse.justj.openjdk.hotspot.jre.full.win32.x86_64_21.0.9.v20251105-0741\jre\bin\jimage.dll

Deoptimization events (20 events):
Event: 3.228 Thread 0x000001f0d6521d10 DEOPT PACKING pc=0x000001f087b6b9f4 sp=0x0000005b054fe880
Event: 3.228 Thread 0x000001f0d6521d10 DEOPT UNPACKING pc=0x000001f087584422 sp=0x0000005b054fe790 mode 2
Event: 3.232 Thread 0x000001f0d6521d10 Uncommon trap: trap_request=0xffffffc6 fr.pc=0x000001f087b6816c relative=0x000000000000082c
Event: 3.232 Thread 0x000001f0d6521d10 Uncommon trap: reason=bimorphic_or_optimized_type_check action=maybe_recompile pc=0x000001f087b6816c method=java.util.HashMap.putVal(ILjava/lang/Object;Ljava/lang/Object;ZZ)Ljava/lang/Object; @ 91 c2
Event: 3.232 Thread 0x000001f0d6521d10 DEOPT PACKING pc=0x000001f087b6816c sp=0x0000005b054fe650
Event: 3.232 Thread 0x000001f0d6521d10 DEOPT UNPACKING pc=0x000001f087584422 sp=0x0000005b054fe610 mode 2
Event: 3.264 Thread 0x000001f0f7fa6f30 DEOPT PACKING pc=0x000001f0800571fb sp=0x0000005b03efe300
Event: 3.264 Thread 0x000001f0f7fa6f30 DEOPT UNPACKING pc=0x000001f087584bc2 sp=0x0000005b03efd770 mode 0
Event: 3.307 Thread 0x000001f0f7fa6f30 Uncommon trap: trap_request=0xffffffde fr.pc=0x000001f087b64280 relative=0x00000000000002c0
Event: 3.307 Thread 0x000001f0f7fa6f30 Uncommon trap: reason=class_check action=maybe_recompile pc=0x000001f087b64280 method=java.util.HashMap.getNode(Ljava/lang/Object;)Ljava/util/HashMap$Node; @ 128 c2
Event: 3.307 Thread 0x000001f0f7fa6f30 DEOPT PACKING pc=0x000001f087b64280 sp=0x0000005b03efe4a0
Event: 3.307 Thread 0x000001f0f7fa6f30 DEOPT UNPACKING pc=0x000001f087584422 sp=0x0000005b03efe408 mode 2
Event: 3.309 Thread 0x000001f0f7fa6f30 Uncommon trap: trap_request=0xffffff45 fr.pc=0x000001f087b8b544 relative=0x00000000000000a4
Event: 3.309 Thread 0x000001f0f7fa6f30 Uncommon trap: reason=unstable_if action=reinterpret pc=0x000001f087b8b544 method=java.lang.ref.ReferenceQueue.poll()Ljava/lang/ref/Reference; @ 4 c2
Event: 3.309 Thread 0x000001f0f7fa6f30 DEOPT PACKING pc=0x000001f087b8b544 sp=0x0000005b03efe690
Event: 3.309 Thread 0x000001f0f7fa6f30 DEOPT UNPACKING pc=0x000001f087584422 sp=0x0000005b03efe578 mode 2
Event: 3.458 Thread 0x000001f0d6521d10 Uncommon trap: trap_request=0xffffff45 fr.pc=0x000001f087b46c68 relative=0x0000000000000188
Event: 3.458 Thread 0x000001f0d6521d10 Uncommon trap: reason=unstable_if action=reinterpret pc=0x000001f087b46c68 method=java.util.concurrent.ConcurrentHashMap.addCount(JI)V @ 34 c2
Event: 3.458 Thread 0x000001f0d6521d10 DEOPT PACKING pc=0x000001f087b46c68 sp=0x0000005b054fe260
Event: 3.458 Thread 0x000001f0d6521d10 DEOPT UNPACKING pc=0x000001f087584422 sp=0x0000005b054fe1a0 mode 2

Classes loaded (20 events):
Event: 3.456 Loading class com/sun/org/apache/xalan/internal/utils/FeaturePropertyBase$State
Event: 3.456 Loading class com/sun/org/apache/xalan/internal/utils/FeaturePropertyBase$State done
Event: 3.456 Loading class com/sun/org/apache/xalan/internal/utils/XMLSecurityPropertyManager$Property
Event: 3.456 Loading class com/sun/org/apache/xalan/internal/utils/XMLSecurityPropertyManager$Property done
Event: 3.456 Loading class jdk/xml/internal/XMLSecurityManager
Event: 3.456 Loading class jdk/xml/internal/XMLSecurityManager done
Event: 3.456 Loading class jdk/xml/internal/XMLSecurityManager$Limit
Event: 3.457 Loading class jdk/xml/internal/XMLSecurityManager$Limit done
Event: 3.457 Loading class jdk/xml/internal/XMLSecurityManager$Processor
Event: 3.457 Loading class jdk/xml/internal/XMLSecurityManager$Processor done
Event: 3.457 Loading class jdk/xml/internal/XMLSecurityManager$NameMap
Event: 3.457 Loading class jdk/xml/internal/XMLSecurityManager$NameMap done
Event: 3.457 Loading class jdk/xml/internal/JdkProperty
Event: 3.457 Loading class jdk/xml/internal/JdkProperty done
Event: 3.646 Loading class java/lang/Thread$ThreadNumbering
Event: 3.647 Loading class java/lang/Thread$ThreadNumbering done
Event: 3.779 Loading class javax/naming/ldap/LdapContext
Event: 3.779 Loading class javax/naming/directory/DirContext
Event: 3.779 Loading class javax/naming/directory/DirContext done
Event: 3.779 Loading class javax/naming/ldap/LdapContext done

Classes unloaded (0 events):
No events

Classes redefined (0 events):
No events

Internal exceptions (20 events):
Event: 2.219 Thread 0x000001f0f7fa6f30 Exception <a 'java/lang/NoSuchMethodError'{0x0000000089258fa0}: 'void java.lang.invoke.DirectMethodHandle$Holder.invokeSpecial(java.lang.Object, java.lang.Object, java.lang.Object, java.lang.Object, java.lang.Object, java.lang.Object)'> (0x0000000089258fa0) 
thrown [s\src\hotspot\share\interpreter\linkResolver.cpp, line 773]
Event: 2.252 Thread 0x000001f0f7fa6f30 Exception <a 'java/lang/NoSuchMethodError'{0x00000000892ee450}: 'java.lang.Object java.lang.invoke.DirectMethodHandle$Holder.invokeSpecial(java.lang.Object, java.lang.Object, java.lang.Object, int, java.lang.Object)'> (0x00000000892ee450) 
thrown [s\src\hotspot\share\interpreter\linkResolver.cpp, line 773]
Event: 2.253 Thread 0x000001f0f7fa6f30 Exception <a 'java/lang/NoSuchMethodError'{0x00000000892f5f30}: 'java.lang.Object java.lang.invoke.DirectMethodHandle$Holder.newInvokeSpecial(java.lang.Object, java.lang.Object, java.lang.Object, int, java.lang.Object)'> (0x00000000892f5f30) 
thrown [s\src\hotspot\share\interpreter\linkResolver.cpp, line 773]
Event: 2.254 Thread 0x000001f0f7fa6f30 Exception <a 'java/lang/NoSuchMethodError'{0x00000000892fd4b8}: 'java.lang.Object java.lang.invoke.Invokers$Holder.linkToTargetMethod(java.lang.Object, java.lang.Object, int, java.lang.Object, java.lang.Object)'> (0x00000000892fd4b8) 
thrown [s\src\hotspot\share\interpreter\linkResolver.cpp, line 773]
Event: 2.257 Thread 0x000001f0f7fa6f30 Exception <a 'java/lang/NoSuchMethodError'{0x000000008910b5d8}: 'java.lang.Object java.lang.invoke.DirectMethodHandle$Holder.newInvokeSpecial(java.lang.Object, int, java.lang.Object)'> (0x000000008910b5d8) 
thrown [s\src\hotspot\share\interpreter\linkResolver.cpp, line 773]
Event: 2.258 Thread 0x000001f0f7fa6f30 Exception <a 'java/lang/NoSuchMethodError'{0x0000000089110118}: 'int java.lang.invoke.DirectMethodHandle$Holder.invokeSpecialIFC(java.lang.Object, java.lang.Object, java.lang.Object, java.lang.Object)'> (0x0000000089110118) 
thrown [s\src\hotspot\share\interpreter\linkResolver.cpp, line 773]
Event: 2.321 Thread 0x000001f0f7fa6f30 Exception <a 'java/lang/NoSuchMethodError'{0x00000000891ccbc8}: 'void java.lang.invoke.DirectMethodHandle$Holder.invokeInterface(java.lang.Object, java.lang.Object, java.lang.Object)'> (0x00000000891ccbc8) 
thrown [s\src\hotspot\share\interpreter\linkResolver.cpp, line 773]
Event: 2.368 Thread 0x000001f0f7fa6f30 Exception <a 'java/lang/NoSuchMethodError'{0x000000008904e398}: 'void java.lang.invoke.DirectMethodHandle$Holder.invokeStaticInit(java.lang.Object, java.lang.Object, java.lang.Object)'> (0x000000008904e398) 
thrown [s\src\hotspot\share\interpreter\linkResolver.cpp, line 773]
Event: 2.378 Thread 0x000001f0f7fa6f30 Exception <a 'java/lang/NoSuchMethodError'{0x0000000089091468}: 'java.lang.Object java.lang.invoke.DirectMethodHandle$Holder.invokeStatic(java.lang.Object, long, java.lang.Object)'> (0x0000000089091468) 
thrown [s\src\hotspot\share\interpreter\linkResolver.cpp, line 773]
Event: 2.379 Thread 0x000001f0f7fa6f30 Exception <a 'java/lang/NoSuchMethodError'{0x0000000089094d40}: 'java.lang.Object java.lang.invoke.DirectMethodHandle$Holder.invokeStaticInit(java.lang.Object, long, java.lang.Object)'> (0x0000000089094d40) 
thrown [s\src\hotspot\share\interpreter\linkResolver.cpp, line 773]
Event: 2.380 Thread 0x000001f0f7fa6f30 Exception <a 'java/lang/NoSuchMethodError'{0x000000008909a660}: 'java.lang.Object java.lang.invoke.DirectMethodHandle$Holder.newInvokeSpecial(java.lang.Object, long)'> (0x000000008909a660) 
thrown [s\src\hotspot\share\interpreter\linkResolver.cpp, line 773]
Event: 2.458 Thread 0x000001f0f7fa6f30 Exception <a 'java/lang/NoSuchMethodError'{0x00000000890f19c0}: 'void java.lang.invoke.DirectMethodHandle$Holder.invokeVirtual(java.lang.Object, java.lang.Object, java.lang.Object, java.lang.Object)'> (0x00000000890f19c0) 
thrown [s\src\hotspot\share\interpreter\linkResolver.cpp, line 773]
Event: 2.544 Thread 0x000001f0f7fa6f30 Exception <a 'java/lang/NoSuchMethodError'{0x0000000088e29a18}: 'void java.lang.invoke.DirectMethodHandle$Holder.invokeSpecial(java.lang.Object, java.lang.Object, java.lang.Object)'> (0x0000000088e29a18) 
thrown [s\src\hotspot\share\interpreter\linkResolver.cpp, line 773]
Event: 2.560 Thread 0x000001f0f7fa6f30 Exception <a 'java/lang/IncompatibleClassChangeError'{0x0000000088e58068}: Found class java.lang.Object, but interface was expected> (0x0000000088e58068) 
thrown [s\src\hotspot\share\interpreter\linkResolver.cpp, line 840]
Event: 2.576 Thread 0x000001f0f7fa6f30 Exception <a 'java/lang/NoSuchMethodError'{0x0000000088efdda0}: 'java.lang.Object java.lang.invoke.DirectMethodHandle$Holder.invokeStaticInit(java.lang.Object, int)'> (0x0000000088efdda0) 
thrown [s\src\hotspot\share\interpreter\linkResolver.cpp, line 773]
Event: 2.581 Thread 0x000001f0f7fa6f30 Exception <a 'java/lang/NoSuchMethodError'{0x0000000088d233b8}: 'java.lang.Object java.lang.invoke.DirectMethodHandle$Holder.invokeVirtual(java.lang.Object, java.lang.Object, java.lang.Object)'> (0x0000000088d233b8) 
thrown [s\src\hotspot\share\interpreter\linkResolver.cpp, line 773]
Event: 2.840 Thread 0x000001f0f7fa6f30 Exception <a 'java/lang/NoSuchMethodError'{0x0000000089cb61b0}: 'java.lang.Object java.lang.invoke.DirectMethodHandle$Holder.invokeStatic(java.lang.Object, int, java.lang.Object)'> (0x0000000089cb61b0) 
thrown [s\src\hotspot\share\interpreter\linkResolver.cpp, line 773]
Event: 2.841 Thread 0x000001f0f7fa6f30 Exception <a 'java/lang/NoSuchMethodError'{0x0000000089cb9840}: 'java.lang.Object java.lang.invoke.DirectMethodHandle$Holder.invokeStaticInit(java.lang.Object, int, java.lang.Object)'> (0x0000000089cb9840) 
thrown [s\src\hotspot\share\interpreter\linkResolver.cpp, line 773]
Event: 3.197 Thread 0x000001f0f7fa6f30 Exception <a 'java/lang/NoSuchMethodError'{0x000000008902d8b8}: 'int java.lang.invoke.DirectMethodHandle$Holder.invokeSpecial(java.lang.Object, java.lang.Object, java.lang.Object, java.lang.Object, java.lang.Object)'> (0x000000008902d8b8) 
thrown [s\src\hotspot\share\interpreter\linkResolver.cpp, line 773]
Event: 3.204 Thread 0x000001f0f7fa6f30 Exception <a 'java/lang/NoSuchMethodError'{0x0000000089035d50}: 'void java.lang.invoke.DirectMethodHandle$Holder.invokeVirtual(java.lang.Object, java.lang.Object)'> (0x0000000089035d50) 
thrown [s\src\hotspot\share\interpreter\linkResolver.cpp, line 773]

ZGC Phase Switch (0 events):
No events

VM Operations (20 events):
Event: 1.474 Executing VM operation: HandshakeAllThreads (Deoptimize)
Event: 1.474 Executing VM operation: HandshakeAllThreads (Deoptimize) done
Event: 1.474 Executing VM operation: HandshakeAllThreads (Deoptimize)
Event: 1.474 Executing VM operation: HandshakeAllThreads (Deoptimize) done
Event: 1.633 Executing VM operation: HandshakeAllThreads (Deoptimize)
Event: 1.633 Executing VM operation: HandshakeAllThreads (Deoptimize) done
Event: 1.643 Executing VM operation: G1CollectForAllocation (G1 Evacuation Pause)
Event: 1.647 Executing VM operation: G1CollectForAllocation (G1 Evacuation Pause) done
Event: 2.461 Executing VM operation: ICBufferFull
Event: 2.461 Executing VM operation: ICBufferFull done
Event: 2.530 Executing VM operation: HandshakeAllThreads (Deoptimize)
Event: 2.530 Executing VM operation: HandshakeAllThreads (Deoptimize) done
Event: 2.538 Executing VM operation: HandshakeAllThreads (Deoptimize)
Event: 2.539 Executing VM operation: HandshakeAllThreads (Deoptimize) done
Event: 2.761 Executing VM operation: G1CollectForAllocation (G1 Evacuation Pause)
Event: 2.761 Executing VM operation: G1CollectForAllocation (G1 Evacuation Pause) done
Event: 2.761 Executing VM operation: G1CollectForAllocation (GCLocker Initiated GC)
Event: 2.769 Executing VM operation: G1CollectForAllocation (GCLocker Initiated GC) done
Event: 3.153 Executing VM operation: HandshakeAllThreads (Deoptimize)
Event: 3.153 Executing VM operation: HandshakeAllThreads (Deoptimize) done

Memory protections (0 events):
No events

Nmethod flushes (0 events):
No events

Events (17 events):
Event: 0.036 Thread 0x000001f0f7fa6f30 Thread added: 0x000001f0f7fa6f30
Event: 0.061 Thread 0x000001f0f7fa6f30 Thread added: 0x000001f0fe5b0850
Event: 0.061 Thread 0x000001f0f7fa6f30 Thread added: 0x000001f0fe5b20b0
Event: 0.062 Thread 0x000001f0f7fa6f30 Thread added: 0x000001f0fe5b67d0
Event: 0.062 Thread 0x000001f0f7fa6f30 Thread added: 0x000001f0fe5b94b0
Event: 0.062 Thread 0x000001f0f7fa6f30 Thread added: 0x000001f0fe5b9f00
Event: 0.062 Thread 0x000001f0f7fa6f30 Thread added: 0x000001f0fe5ba950
Event: 0.062 Thread 0x000001f0f7fa6f30 Thread added: 0x000001f0fe5bb6d0
Event: 0.106 Thread 0x000001f0f7fa6f30 Thread added: 0x000001f0fe5fe8d0
Event: 0.470 Thread 0x000001f0f7fa6f30 Thread added: 0x000001f0fe7e7d60
Event: 0.476 Thread 0x000001f0f7fa6f30 Thread added: 0x000001f0fe7fc4e0
Event: 1.760 Thread 0x000001f0fe5fe8d0 Thread added: 0x000001f0d6293cd0
Event: 2.550 Thread 0x000001f0f7fa6f30 Thread added: 0x000001f0d6521d10
Event: 3.143 Thread 0x000001f0d6293cd0 Thread exited: 0x000001f0d6293cd0
Event: 3.197 Thread 0x000001f0fe5fe8d0 Thread added: 0x000001f0d6805910
Event: 3.647 Thread 0x000001f0f7fa6f30 Thread added: 0x000001f0d680ffb0
Event: 3.652 Thread 0x000001f0d6805910 Thread exited: 0x000001f0d6805910


Dynamic libraries:
0x00007ff68dbd0000 - 0x00007ff68dbde000 	C:\Users\shop souf\.p2\pool\plugins\org.eclipse.justj.openjdk.hotspot.jre.full.win32.x86_64_21.0.9.v20251105-0741\jre\bin\javaw.exe
0x00007ff83cb10000 - 0x00007ff83cd08000 	C:\Windows\SYSTEM32\ntdll.dll
0x00007ff83c590000 - 0x00007ff83c652000 	C:\Windows\System32\KERNEL32.DLL
0x00007ff83a5b0000 - 0x00007ff83a8a6000 	C:\Windows\System32\KERNELBASE.dll
0x00007ff83a1d0000 - 0x00007ff83a2d0000 	C:\Windows\System32\ucrtbase.dll
0x00007ff833fb0000 - 0x00007ff833fc8000 	C:\Users\shop souf\.p2\pool\plugins\org.eclipse.justj.openjdk.hotspot.jre.full.win32.x86_64_21.0.9.v20251105-0741\jre\bin\jli.dll
0x00007ff83b200000 - 0x00007ff83b3a1000 	C:\Windows\System32\USER32.dll
0x00007ff83a1a0000 - 0x00007ff83a1c2000 	C:\Windows\System32\win32u.dll
0x00007ff83b020000 - 0x00007ff83b04b000 	C:\Windows\System32\GDI32.dll
0x00007ff83a390000 - 0x00007ff83a4a9000 	C:\Windows\System32\gdi32full.dll
0x00007ff83a8b0000 - 0x00007ff83a94d000 	C:\Windows\System32\msvcp_win.dll
0x00007ff831e30000 - 0x00007ff831e4e000 	C:\Users\shop souf\.p2\pool\plugins\org.eclipse.justj.openjdk.hotspot.jre.full.win32.x86_64_21.0.9.v20251105-0741\jre\bin\VCRUNTIME140.dll
0x00007ff82bc50000 - 0x00007ff82beeb000 	C:\Windows\WinSxS\amd64_microsoft.windows.common-controls_6595b64144ccf1df_6.0.19041.6456_none_60b8a6cb71f64256\COMCTL32.dll
0x00007ff83acd0000 - 0x00007ff83ad6e000 	C:\Windows\System32\msvcrt.dll
0x00007ff83b3b0000 - 0x00007ff83b3df000 	C:\Windows\System32\IMM32.DLL
0x00007ff8353b0000 - 0x00007ff8353bc000 	C:\Users\shop souf\.p2\pool\plugins\org.eclipse.justj.openjdk.hotspot.jre.full.win32.x86_64_21.0.9.v20251105-0741\jre\bin\vcruntime140_1.dll
0x00007ff814e90000 - 0x00007ff814f1d000 	C:\Users\shop souf\.p2\pool\plugins\org.eclipse.justj.openjdk.hotspot.jre.full.win32.x86_64_21.0.9.v20251105-0741\jre\bin\msvcp140.dll
0x00007fffd7010000 - 0x00007fffd7db0000 	C:\Users\shop souf\.p2\pool\plugins\org.eclipse.justj.openjdk.hotspot.jre.full.win32.x86_64_21.0.9.v20251105-0741\jre\bin\server\jvm.dll
0x00007ff83b6f0000 - 0x00007ff83b7a1000 	C:\Windows\System32\ADVAPI32.dll
0x00007ff83af70000 - 0x00007ff83b00f000 	C:\Windows\System32\sechost.dll
0x00007ff83bb70000 - 0x00007ff83bc90000 	C:\Windows\System32\RPCRT4.dll
0x00007ff83a2d0000 - 0x00007ff83a2f7000 	C:\Windows\System32\bcrypt.dll
0x00007ff83b560000 - 0x00007ff83b5cb000 	C:\Windows\System32\WS2_32.dll
0x00007ff8396e0000 - 0x00007ff83972b000 	C:\Windows\SYSTEM32\POWRPROF.dll
0x00007ff82d140000 - 0x00007ff82d167000 	C:\Windows\SYSTEM32\WINMM.dll
0x00007ff82b500000 - 0x00007ff82b50a000 	C:\Windows\SYSTEM32\VERSION.dll
0x00007ff8395a0000 - 0x00007ff8395b2000 	C:\Windows\SYSTEM32\UMPDC.dll
0x00007ff838010000 - 0x00007ff838022000 	C:\Windows\SYSTEM32\kernel.appcore.dll
0x00007ff837610000 - 0x00007ff83761a000 	C:\Users\shop souf\.p2\pool\plugins\org.eclipse.justj.openjdk.hotspot.jre.full.win32.x86_64_21.0.9.v20251105-0741\jre\bin\jimage.dll
0x00007ff82a340000 - 0x00007ff82a541000 	C:\Windows\SYSTEM32\DBGHELP.DLL
0x00007ff818ae0000 - 0x00007ff818b14000 	C:\Windows\SYSTEM32\dbgcore.DLL
0x00007ff83a300000 - 0x00007ff83a382000 	C:\Windows\System32\bcryptPrimitives.dll
0x00007ff8375d0000 - 0x00007ff8375f0000 	C:\Users\shop souf\.p2\pool\plugins\org.eclipse.justj.openjdk.hotspot.jre.full.win32.x86_64_21.0.9.v20251105-0741\jre\bin\java.dll
0x00007ff83be20000 - 0x00007ff83c590000 	C:\Windows\System32\SHELL32.dll
0x00007ff838210000 - 0x00007ff8389b5000 	C:\Windows\SYSTEM32\windows.storage.dll
0x00007ff83b810000 - 0x00007ff83bb64000 	C:\Windows\System32\combase.dll
0x00007ff839bd0000 - 0x00007ff839bfb000 	C:\Windows\SYSTEM32\Wldp.dll
0x00007ff83b480000 - 0x00007ff83b54d000 	C:\Windows\System32\OLEAUT32.dll
0x00007ff83ad70000 - 0x00007ff83ae1d000 	C:\Windows\System32\SHCORE.dll
0x00007ff83b7b0000 - 0x00007ff83b80b000 	C:\Windows\System32\shlwapi.dll
0x00007ff83a0d0000 - 0x00007ff83a0f4000 	C:\Windows\SYSTEM32\profapi.dll
0x00007ff82b7a0000 - 0x00007ff82b7b8000 	C:\Users\shop souf\.p2\pool\plugins\org.eclipse.justj.openjdk.hotspot.jre.full.win32.x86_64_21.0.9.v20251105-0741\jre\bin\zip.dll
0x00007ff8375c0000 - 0x00007ff8375d0000 	C:\Users\shop souf\.p2\pool\plugins\org.eclipse.justj.openjdk.hotspot.jre.full.win32.x86_64_21.0.9.v20251105-0741\jre\bin\net.dll
0x00007ff8343a0000 - 0x00007ff8344aa000 	C:\Windows\SYSTEM32\WINHTTP.dll
0x00007ff839930000 - 0x00007ff83999a000 	C:\Windows\system32\mswsock.dll
0x00007ff81aac0000 - 0x00007ff81aad6000 	C:\Users\shop souf\.p2\pool\plugins\org.eclipse.justj.openjdk.hotspot.jre.full.win32.x86_64_21.0.9.v20251105-0741\jre\bin\nio.dll

JVMTI agents: none

dbghelp: loaded successfully - version: 4.0.5 - missing functions: none
symbol engine: initialized successfully - sym options: 0x614 - pdb path: .;C:\Users\shop souf\.p2\pool\plugins\org.eclipse.justj.openjdk.hotspot.jre.full.win32.x86_64_21.0.9.v20251105-0741\jre\bin;C:\Windows\SYSTEM32;C:\Windows\WinSxS\amd64_microsoft.windows.common-controls_6595b64144ccf1df_6.0.19041.6456_none_60b8a6cb71f64256;C:\Users\shop souf\.p2\pool\plugins\org.eclipse.justj.openjdk.hotspot.jre.full.win32.x86_64_21.0.9.v20251105-0741\jre\bin\server

VM Arguments:
jvm_args: -Dfile.encoding=UTF-8 -Dstdout.encoding=UTF-8 -Dstderr.encoding=UTF-8 -XX:+ShowCodeDetailsInExceptionMessages 
java_command: edu.yacoubi.LeaveRequest.Main
java_class_path (initial): C:\projects\CAMUNDA\Expense_Reimbursement_Camunda\target\classes;C:\Users\shop souf\.m2\repository\org\springframework\boot\spring-boot-starter-web\3.3.3\spring-boot-starter-web-3.3.3.jar;C:\Users\shop souf\.m2\repository\org\springframework\boot\spring-boot-starter\3.3.3\spring-boot-starter-3.3.3.jar;C:\Users\shop souf\.m2\repository\org\springframework\boot\spring-boot\3.3.3\spring-boot-3.3.3.jar;C:\Users\shop souf\.m2\repository\org\springframework\boot\spring-boot-autoconfigure\3.3.3\spring-boot-autoconfigure-3.3.3.jar;C:\Users\shop souf\.m2\repository\org\springframework\boot\spring-boot-starter-logging\3.3.3\spring-boot-starter-logging-3.3.3.jar;C:\Users\shop souf\.m2\repository\ch\qos\logback\logback-classic\1.5.7\logback-classic-1.5.7.jar;C:\Users\shop souf\.m2\repository\ch\qos\logback\logback-core\1.5.7\logback-core-1.5.7.jar;C:\Users\shop souf\.m2\repository\org\apache\logging\log4j\log4j-to-slf4j\2.23.1\log4j-to-slf4j-2.23.1.jar;C:\Users\shop souf\.m2\repository\org\apache\logging\log4j\log4j-api\2.23.1\log4j-api-2.23.1.jar;C:\Users\shop souf\.m2\repository\org\slf4j\jul-to-slf4j\2.0.16\jul-to-slf4j-2.0.16.jar;C:\Users\shop souf\.m2\repository\jakarta\annotation\jakarta.annotation-api\2.1.1\jakarta.annotation-api-2.1.1.jar;C:\Users\shop souf\.m2\repository\org\yaml\snakeyaml\2.2\snakeyaml-2.2.jar;C:\Users\shop souf\.m2\repository\org\springframework\boot\spring-boot-starter-json\3.3.3\spring-boot-starter-json-3.3.3.jar;C:\Users\shop souf\.m2\repository\com\fasterxml\jackson\core\jackson-databind\2.17.2\jackson-databind-2.17.2.jar;C:\Users\shop souf\.m2\repository\com\fasterxml\jackson\core\jackson-annotations\2.17.2\jackson-annotations-2.17.2.jar;C:\Users\shop souf\.m2\repository\com\fasterxml\jackson\core\jackson-core\2.17.2\jackson-core-2.17.2.jar;C:\Users\shop souf\.m2\repository\com\fasterxml\jackson\datatype\jackson-datatype-jdk8\2.17.2\jackson-datatype-jdk8-2.17.2.jar;C:\Users\shop souf\.m2\repository\com\fasterxml\jackson\datatype\jackson-datatype-jsr310\2.17.2\jackson-datatype-jsr310-2.17.2.jar;C:\Users\shop souf\.m2\repository\com\fasterxml\jackson\module\jackson-module-parameter-names\2.17.2\jackson-module-parameter-names-2.17.2.jar;C:\Users\shop souf\.m2\repository\org\springframework\boot\spring-boot-starter-tomcat\3.3.3\spring-boot-starter-tomcat-3.3.3.jar;C:\Users\shop souf\.m2\repository\org\apache\tomcat\embed\tomcat-embed-core\10.1.28\tomcat-embed-core-10.1.28.jar;C:\Users\shop souf\.m2\repository\org\apache\tomcat\embed\tomcat-embed-el\10.1.28\tomcat-embed-el-10.1.28.jar;C:\Users\shop souf\.m2\repository\org\apache\tomcat\embed\tomcat-embed-websocket\10.1.28\tomcat-embed-websocket-10.1.28.jar;C:\Users\shop souf\.m2\repository\org\springframework\spring-web\6.1.12\spring-web-6.1.12.jar;C:\Users\shop souf\.m2\repository\org\springframework\spring-beans\6.1.12\spring-beans-6.1.12.jar;C:\Users\shop souf\.m2\repository\io\micrometer\micrometer-observation\1.13.3\micrometer-observation-1.13.3.jar;C:\Users\shop souf\.m2\repository\io\micrometer\micrometer-commons\1.13.3\micrometer-commons-1.13.3.jar;C:\Users\shop souf\.m2\repository\org\springframework\spring-webmvc\6.1.12\spring-webmvc-6.1.12.jar;C:\Users\shop souf\.m2\repository\org\springframework\spring-aop\6.1.12\spring-aop-6.1.12.jar;C:\Users\shop souf\.m2\repository\org\springframework\spring-context\6.1.12\spring-context-6.1.12.jar;C:\Users\shop souf\.m2\repository\org\springframework\spring-expression\6.1.12\spring-expression-6.1.12.jar;C:\Users\shop souf\.m2\repository\org\springframework\boot\spring-boot-starter-data-jpa\3.3.3\spring-boot-starter-data-jpa-3.3.3.jar;C:\Users\shop souf\.m2\repository\org\springframework\boot\spring-boot-starter-aop\3.3.3\spring-boot-starter-aop-3.3.3.jar;C:\Users\shop souf\.m2\repository\org\aspectj\aspectjweaver\1.9.22.1\aspectjweaver-1.9.22.1.jar;C:\Users\shop souf\.m2\repository\org\springframework\boot\spring-boot-starter-jdbc\3.3.3\spring-boot-starter-jdbc-3.3.3.jar;C:\Users\shop souf\.m2\repository\com\zaxxer\HikariCP\5.1.0\HikariCP-5.1.0.jar;C:\Users\shop souf\.m2\repository\org\springframework\spring-jdbc\6.1.12\spring-jdbc-6.1.12.jar;C:\Users\shop souf\.m2\repository\org\hibernate\orm\hibernate-core\6.5.2.Final\hibernate-core-6.5.2.Final.jar;C:\Users\shop souf\.m2\repository\jakarta\persistence\jakarta.persistence-api\3.1.0\jakarta.persistence-api-3.1.0.jar;C:\Users\shop souf\.m2\repository\jakarta\transaction\jakarta.transaction-api\2.0.1\jakarta.transaction-api-2.0.1.jar;C:\Users\shop souf\.m2\repository\org\jboss\logging\jboss-logging\3.5.3.Final\jboss-logging-3.5.3.Final.jar;C:\Users\shop souf\.m2\repository\org\hibernate\common\hibernate-commons-annotations\6.0.6.Final\hibernate-commons-annotations-6.0.6.Final.jar;C:\Users\shop souf\.m2\repository\io\smallrye\jandex\3.1.2\jandex-3.1.2.jar;C:\Users\shop souf\.m2\repository\com\fasterxml\classmate\1.7.0\classmate-1.7.0.jar;C:\Users\shop souf\.m2\repository\net\bytebuddy\byte-buddy\1.14.19\byte-buddy-1.14.19.jar;C:\Users\shop souf\.m2\repository\org\glassfish\jaxb\jaxb-runtime\4.0.5\jaxb-runtime-4.0.5.jar;C:\Users\shop souf\.m2\repository\org\glassfish\jaxb\jaxb-core\4.0.5\jaxb-core-4.0.5.jar;C:\Users\shop souf\.m2\repository\org\eclipse\angus\angus-activation\2.0.2\angus-activation-2.0.2.jar;C:\Users\shop souf\.m2\repository\org\glassfish\jaxb\txw2\4.0.5\txw2-4.0.5.jar;C:\Users\shop souf\.m2\repository\com\sun\istack\istack-commons-runtime\4.1.2\istack-commons-runtime-4.1.2.jar;C:\Users\shop souf\.m2\repository\jakarta\inject\jakarta.inject-api\2.0.1\jakarta.inject-api-2.0.1.jar;C:\Users\shop souf\.m2\repository\org\antlr\antlr4-runtime\4.13.0\antlr4-runtime-4.13.0.jar;C:\Users\shop souf\.m2\repository\org\springframework\data\spring-data-jpa\3.3.3\spring-data-jpa-3.3.3.jar;C:\Users\shop souf\.m2\repository\org\springframework\data\spring-data-commons\3.3.3\spring-data-commons-3.3.3.jar;C:\Users\shop souf\.m2\repository\org\springframework\spring-orm\6.1.12\spring-orm-6.1.12.jar;C:\Users\shop souf\.m2\repository\org\springframework\spring-tx\6.1.12\spring-tx-6.1.12.jar;C:\Users\shop souf\.m2\repository\org\springframework\spring-aspects\6.1.12\spring-aspects-6.1.12.jar;C:\Users\shop souf\.m2\repository\org\camunda\bpm\springboot\camunda-bpm-spring-boot-starter-webapp\7.24.0\camunda-bpm-spring-boot-starter-webapp-7.24.0.jar;C:\Users\shop souf\.m2\repository\org\camunda\bpm\springboot\camunda-bpm-spring-boot-starter-webapp-core\7.24.0\camunda-bpm-spring-boot-starter-webapp-core-7.24.0.jar;C:\Users\shop souf\.m2\repository\org\camunda\bpm\webapp\camunda-webapp-jakarta\7.24.0\camunda-webapp-jakarta-7.24.0-classes.jar;C:\Users\shop souf\.m2\repository\org\camunda\bpm\webapp\camunda-webapp-webjar\7.24.0\camunda-webapp-webjar-7.24.0.jar;C:\Users\shop souf\.m2\repository\org\camunda\bpm\springboot\camunda-bpm-spring-boot-starter-rest\7.24.0\camunda-bpm-spring-boot-starter-rest-7.24.0.jar;C:\Users\shop souf\.m2\repository\org\camunda\bpm\springboot\camunda-bpm-spring-boot-starter\7.24.0\camunda-bpm-spring-boot-starter-7.24.0.jar;C:\Users\shop souf\.m2\repository\org\camunda\bpm\camunda-engine-spring-6\7.24.0\camunda-engine-spring-6-7.24.0.jar;C:\Users\shop souf\.m2\repository\org\camunda\bpm\camunda-engine\7.24.0\camunda-engine-7.24.0.jar;C:\Users\shop souf\.m2\repository\org\camunda\bpm\model\camunda-bpmn-model\7.24.0\camunda-bpmn-model-7.24.0.jar;C:\Users\shop souf\.m2\repository\org\camunda\bpm\model\camunda-xml-model\7.24.0\camunda-xml-model-7.24.0.jar;C:\Users\shop souf\.m2\repository\org\camunda\bpm\model\camunda-cmmn-model\7.24.0\camunda-cmmn-model-7.24.0.jar;C:\Users\shop souf\.m2\repository\org\camunda\bpm\juel\camunda-juel\7.24.0\camunda-juel-7.24.0.jar;C:\Users\shop souf\.m2\repository\org\camunda\bpm\dmn\camunda-engine-dmn\7.24.0\camunda-engine-dmn-7.24.0.jar;C:\Users\shop souf\.m2\repository\org\camunda\bpm\model\camunda-dmn-model\7.24.0\camunda-dmn-model-7.24.0.jar;C:\Users\shop souf\.m2\repository\org\camunda\bpm\dmn\camunda-engine-feel-api\7.24.0\camunda-engine-feel-api-7.24.0.jar;C:\Users\shop souf\.m2\repository\org\camunda\bpm\dmn\camunda-engine-feel-juel\7.24.0\camunda-engine-feel-juel-7.24.0.jar;C:\Users\shop souf\.m2\repository\org\camunda\bpm\dmn\camunda-engine-feel-scala\7.24.0\camunda-engine-feel-scala-7.24.0.jar;C:\Users\shop souf\.m2\repository\org\camunda\feel\feel-engine\1.19.3\feel-engine-1.19.3-scala-shaded.jar;C:\Users\shop souf\.m2\repository\org\camunda\commons\camunda-commons-typed-values\7.24.0\camunda-commons-typed-values-7.24.0.jar;C:\Users\shop souf\.m2\repository\org\mybatis\mybatis\3.5.15\mybatis-3.5.15.jar;C:\Users\shop souf\.m2\repository\joda-time\joda-time\2.12.5\joda-time-2.12.5.jar;C:\Users\shop souf\.m2\repository\org\apache\commons\commons-lang3\3.14.0\commons-lang3-3.14.0.jar;C:\Users\shop souf\.m2\repository\com\fasterxml\uuid\java-uuid-generator\4.3.0\java-uuid-generator-4.3.0.jar;C:\Users\shop souf\.m2\repository\com\sun\xml\bind\jaxb-impl\4.0.5\jaxb-impl-4.0.5.jar;C:\Users\shop souf\.m2\repository\com\sun\xml\bind\jaxb-core\4.0.5\jaxb-core-4.0.5.jar;C:\Users\shop souf\.m2\repository\org\camunda\bpm\camunda-engine-rest-core-jakarta\7.24.0\camunda-engine-rest-core-jakarta-7.24.0.jar;C:\Users\shop souf\.m2\repository\commons-fileupload\commons-fileupload\1.6.0\commons-fileupload-1.6.0.jar;C:\Users\shop souf\.m2\repository\commons-io\commons-io\2.17.0\commons-io-2.17.0.jar;C:\Users\shop souf\.m2\repository\com\fasterxml\jackson\jakarta\rs\jackson-jakarta-rs-json-provider\2.17.2\jackson-jakarta-rs-json-provider-2.17.2.jar;C:\Users\shop souf\.m2\repository\com\fasterxml\jackson\jakarta\rs\jackson-jakarta-rs-base\2.17.2\jackson-jakarta-rs-base-2.17.2.jar;C:\Users\shop souf\.m2\repository\com\fasterxml\jackson\module\jackson-module-jakarta-xmlbind-annotations\2.17.2\jackson-module-jakarta-xmlbind-annotations-2.17.2.jar;C:\Users\shop souf\.m2\repository\org\springframework\boot\spring-boot-starter-jersey\3.3.3\spring-boot-starter-jersey-3.3.3.jar;C:\Users\shop souf\.m2\repository\org\springframework\boot\spring-boot-starter-validation\3.3.3\spring-boot-starter-validation-3.3.3.jar;C:\Users\shop souf\.m2\repository\org\hibernate\validator\hibernate-validator\8.0.1.Final\hibernate-validator-8.0.1.Final.jar;C:\Users\shop souf\.m2\repository\org\glassfish\jersey\containers\jersey-container-servlet-core\3.1.8\jersey-container-servlet-core-3.1.8.jar;C:\Users\shop souf\.m2\repository\org\glassfish\jersey\core\jersey-common\3.1.8\jersey-common-3.1.8.jar;C:\Users\shop souf\.m2\repository\org\glassfish\hk2\osgi-resource-locator\1.0.3\osgi-resource-locator-1.0.3.jar;C:\Users\shop souf\.m2\repository\jakarta\ws\rs\jakarta.ws.rs-api\3.1.0\jakarta.ws.rs-api-3.1.0.jar;C:\Users\shop souf\.m2\repository\org\glassfish\jersey\containers\jersey-container-servlet\3.1.8\jersey-container-servlet-3.1.8.jar;C:\Users\shop souf\.m2\repository\org\glassfish\jersey\core\jersey-server\3.1.8\jersey-server-3.1.8.jar;C:\Users\shop souf\.m2\repository\org\glassfish\jersey\core\jersey-client\3.1.8\jersey-client-3.1.8.jar;C:\Users\shop souf\.m2\repository\jakarta\validation\jakarta.validation-api\3.0.2\jakarta.validation-api-3.0.2.jar;C:\Users\shop souf\.m2\repository\org\glassfish\jersey\ext\jersey-bean-validation\3.1.8\jersey-bean-validation-3.1.8.jar;C:\Users\shop souf\.m2\repository\org\glassfish\expressly\expressly\5.0.0\expressly-5.0.0.jar;C:\Users\shop souf\.m2\repository\org\glassfish\jersey\ext\jersey-spring6\3.1.8\jersey-spring6-3.1.8.jar;C:\Users\shop souf\.m2\repository\org\glassfish\jersey\inject\jersey-hk2\3.1.8\jersey-hk2-3.1.8.jar;C:\Users\shop souf\.m2\repository\org\glassfish\hk2\hk2-locator\3.0.6\hk2-locator-3.0.6.jar;C:\Users\shop souf\.m2\repository\org\glassfish\hk2\external\aopalliance-repackaged\3.0.6\aopalliance-repackaged-3.0.6.jar;C:\Users\shop souf\.m2\repository\org\javassist\javassist\3.30.2-GA\javassist-3.30.2-GA.jar;C:\Users\shop souf\.m2\repository\org\glassfish\hk2\hk2\3.0.6\hk2-3.0.6.jar;C:\Users\shop souf\.m2\repository\org\glassfish\hk2\hk2-utils\3.0.6\hk2-utils-3.0.6.jar;C:\Users\shop souf\.m2\repository\org\glassfish\hk2\hk2-api\3.0.6\hk2-api-3.0.6.jar;C:\Users\shop souf\.m2\repository\org\glassfish\hk2\hk2-core\3.0.6\hk2-core-3.0.6.jar;C:\Users\shop souf\.m2\repository\org\glassfish\hk2\hk2-runlevel\3.0.6\hk2-runlevel-3.0.6.jar;C:\Users\shop souf\.m2\repository\org\glassfish\hk2\class-model\3.0.6\class-model-3.0.6.jar;C:\Users\shop souf\.m2\repository\org\ow2\asm\asm-commons\9.6\asm-commons-9.6.jar;C:\Users\shop souf\.m2\repository\org\glassfish\hk2\spring-bridge\3.0.6\spring-bridge-3.0.6.jar;C:\Users\shop souf\.m2\repository\org\glassfish\jersey\media\jersey-media-json-jackson\3.1.8\jersey-media-json-jackson-3.1.8.jar;C:\Users\shop souf\.m2\repository\org\glassfish\jersey\ext\jersey-entity-filtering\3.1.8\jersey-entity-filtering-3.1.8.jar;C:\Users\shop souf\.m2\repository\org\camunda\bpm\camunda-engine-plugin-spin\7.24.0\camunda-engine-plugin-spin-7.24.0.jar;C:\Users\shop souf\.m2\repository\org\camunda\spin\camunda-spin-core\7.24.0\camunda-spin-core-7.24.0.jar;C:\Users\shop souf\.m2\repository\org\camunda\spin\camunda-spin-dataformat-all\7.24.0\camunda-spin-dataformat-all-7.24.0.jar;C:\Users\shop souf\.m2\repository\org\camunda\commons\camunda-commons-logging\7.24.0\camunda-commons-logging-7.24.0.jar;C:\Users\shop souf\.m2\repository\org\camunda\commons\camunda-commons-utils\7.24.0\camunda-commons-utils-7.24.0.jar;C:\Users\shop souf\.m2\repository\com\h2database\h2\2.2.224\h2-2.2.224.jar;C:\Users\shop souf\.m2\repository\org\slf4j\slf4j-api\2.0.16\slf4j-api-2.0.16.jar;C:\Users\shop souf\.m2\repository\jakarta\xml\bind\jakarta.xml.bind-api\4.0.2\jakarta.xml.bind-api-4.0.2.jar;C:\Users\shop souf\.m2\repository\jakarta\activation\jakarta.activation-api\2.1.3\jakarta.activation-api-2.1.3.jar;C:\Users\shop souf\.m2\repository\org\springframework\spring-core\6.1.12\spring-core-6.1.12.jar;C:\Users\shop souf\.m2\repository\org\springframework\spring-jcl\6.1.12\spring-jcl-6.1.12.jar
Launcher Type: SUN_STANDARD

[Global flags]
     intx CICompilerCount                          = 3                                         {product} {ergonomic}
     uint ConcGCThreads                            = 1                                         {product} {ergonomic}
     uint G1ConcRefinementThreads                  = 4                                         {product} {ergonomic}
   size_t G1HeapRegionSize                         = 1048576                                   {product} {ergonomic}
    uintx GCDrainStackTargetSize                   = 64                                        {product} {ergonomic}
   size_t InitialHeapSize                          = 134217728                                 {product} {ergonomic}
   size_t MarkStackSize                            = 4194304                                   {product} {ergonomic}
   size_t MaxHeapSize                              = 2116026368                                {product} {ergonomic}
   size_t MaxNewSize                               = 1268776960                                {product} {ergonomic}
   size_t MinHeapDeltaBytes                        = 1048576                                   {product} {ergonomic}
   size_t MinHeapSize                              = 8388608                                   {product} {ergonomic}
    uintx NonNMethodCodeHeapSize                   = 5832780                                {pd product} {ergonomic}
    uintx NonProfiledCodeHeapSize                  = 122912730                              {pd product} {ergonomic}
    uintx ProfiledCodeHeapSize                     = 122912730                              {pd product} {ergonomic}
    uintx ReservedCodeCacheSize                    = 251658240                              {pd product} {ergonomic}
     bool SegmentedCodeCache                       = true                                      {product} {ergonomic}
     bool ShowCodeDetailsInExceptionMessages       = true                                   {manageable} {command line}
   size_t SoftMaxHeapSize                          = 2116026368                             {manageable} {ergonomic}
     bool UseCompressedOops                        = true                           {product lp64_product} {ergonomic}
     bool UseG1GC                                  = true                                      {product} {ergonomic}
     bool UseLargePagesIndividualAllocation        = false                                  {pd product} {ergonomic}

Logging:
Log output configuration:
 #0: stdout all=warning uptime,level,tags foldmultilines=false
 #1: stderr all=off uptime,level,tags foldmultilines=false

Release file:
JAVA_VERSION="21.0.9" 
MODULES="java.base java.compiler java.datatransfer java.xml java.prefs java.desktop java.instrument java.logging java.management java.security.sasl java.naming java.rmi java.management.rmi java.net.http java.scripting java.security.jgss java.transaction.xa java.sql java.sql.rowset java.xml.crypto java.se java.smartcardio jdk.accessibility jdk.internal.jvmstat jdk.attach jdk.charsets jdk.internal.opt jdk.zipfs jdk.compiler jdk.crypto.ec jdk.crypto.cryptoki jdk.crypto.mscapi jdk.dynalink jdk.internal.ed jdk.editpad jdk.hotspot.agent jdk.httpserver jdk.internal.le jdk.internal.vm.ci jdk.internal.vm.compiler jdk.internal.vm.compiler.management jdk.jartool jdk.javadoc jdk.jcmd jdk.management jdk.management.agent jdk.jconsole jdk.jdeps jdk.jdwp.agent jdk.jdi jdk.jfr jdk.jshell jdk.jsobject jdk.jstatd jdk.localedata jdk.management.jfr jdk.naming.dns jdk.naming.rmi jdk.net jdk.nio.mapmode jdk.random jdk.sctp jdk.security.auth jdk.security.jgss jdk.unsupported jdk.unsupported.desktop jdk.xml.dom" 

Environment Variables:
JAVA_HOME=C:\Program Files\Java\jdk-21
PATH=C:/Users/shop souf/.p2/pool/plugins/org.eclipse.justj.openjdk.hotspot.jre.full.win32.x86_64_21.0.9.v20251105-0741/jre/bin/server;C:/Users/shop souf/.p2/pool/plugins/org.eclipse.justj.openjdk.hotspot.jre.full.win32.x86_64_21.0.9.v20251105-0741/jre/bin;C:\Program Files\Common Files\Oracle\Java\javapath;C:\Program Files (x86)\Common Files\Oracle\Java\java8path;C:\Windows\system32;C:\Windows;C:\Windows\System32\Wbem;C:\Windows\System32\WindowsPowerShell\v1.0\;C:\Windows\System32\OpenSSH\;C:\Program Files\dotnet\;C:\Program Files\Microsoft SQL Server\120\Tools\Binn\;C:\Program Files\Microsoft SQL Server\Client SDK\ODBC\110\Tools\Binn\;C:\Program Files (x86)\Microsoft SQL Server\120\Tools\Binn\;C:\Program Files\Microsoft SQL Server\120\DTS\Binn\;C:\Program Files (x86)\Microsoft SQL Server\120\Tools\Binn\ManagementStudio\;C:\Program Files (x86)\Microsoft SQL Server\120\DTS\Binn\;C:\Program Files\Microsoft SQL Server\150\Tools\Binn\;C:\Program Files\Microsoft SQL Server\Client SDK\ODBC\170\Tools\Binn\;C:\Program Files\Git\cmd;c:\Program Files (x86)\Microsoft SQL Server\100\Tools\Binn\;c:\Program Files\Microsoft SQL Server\100\Tools\Binn\;c:\Program Files\Microsoft SQL Server\100\DTS\Binn\;C:\flutter\bin\cache\dart-sdk\lib;C:\Users\shop souf\AppData\Local\Pub\Cache\bin;C:\Users\shop souf\AppData\Local\Pub\Cache\bin;C:\Users\shop souf\AppData\Local\Programs\Python\Python314;C:\xampp\php;C:\ProgramData\ComposerSetup\bin;C:\Program Files\MySQL\MySQL Server 8.0\bin;C:\Program Files\MySQL\MySQL Server 8.0\bin;C:\android\platform-tools;C:\apache-maven-3.9.6\bin;%catalina_home%\bin;C:\Users\shop souf\Downloads\apache-tomcat-9.0.85\bin;C:\Users\shop souf\Downloads\apache-maven-3.9.6\bin;C:\Users\shop souf\Downloads\openjfx-21.0.2_windows-x64_bin-sdk.zip\javafx-sdk-21.0.2\bin;C:\Program Files (x86)\php-8.3.3;%JAVA_HOME%\bin;C:\Program Files\nodejs\;C:\Users\shop souf\AppData\Local\Programs\Microsoft VS Code;C:\Program Files\MongoDB\Server\8.0\bin;C:\mongosh-2.5.3-win32-x64\bin;C:\Users\shop souf\.gradle\wrapper\dists\gradle-8.2\bin;C:\flutter\bin;C:\android\SDK\cmdline-tools\latest\bin;C:\android\SDK\platform-tools;C:\MinGW\bin;C:\ffmpeg-8.0-essentials_build\bin;C:\Users\shop souf\AppData\Local\Programs\Python\Python314\Scripts;C:\Users\shop souf\AppData\Local\Programs\Python\Python312\Scripts\;C:\Users\shop souf\AppData\Local\Programs\Python\Python312\;C:\Users\shop souf\AppData\Local\Programs\Python\Launcher\;C:\Users\shop souf\AppData\Local\Programs\Python\Python314\Scripts\;C:\Users\shop souf\AppData\Local\Programs\Python\Python314\;C:\Users\shop souf\AppData\Local\Microsoft\WindowsApps;C:\Users\shop souf\.dotnet\tools;C:\commandlinetools-win-9123335_latest\cmdline-tools\bin;C:\commandlinetools-win-9123335_latest\cmdline-tools\build-tools;C:\commandlinetools-win-9123335_latest\cmdline-tools\platforms;C:\Program Files\Java\jdk-15.0.2;C:\flutter\bin\cache\dart-sdk\lib;C:\flutter\.pub-cache\bin;C:\Users\shop souf\AppData\Local\Pub\Cache\bin;C:\gradle-7.5\bin;C:\MinGW\bin;C:\Users\shop souf\AppData\Local\Programs\Microsoft VS Code Insiders\bin;C:\Users\shop souf\AppData\Local\Programs\Python;C:\Users\shop souf\AppData\Roaming\Composer\vendor\bin;C:\Users\shop souf\AppData\Local\Programs\Microsoft VS Code\bin;C:\flutter\bin;C:\Users\shop souf\AppData\Roaming\npm;C:\Windows\System32;
USERNAME=shop souf
OS=Windows_NT
PROCESSOR_IDENTIFIER=Intel64 Family 6 Model 61 Stepping 4, GenuineIntel
TMP=C:\Users\SHOPSO~1\AppData\Local\Temp
TEMP=C:\Users\SHOPSO~1\AppData\Local\Temp




Periodic native trim disabled

---------------  S Y S T E M  ---------------

OS:
 Windows 10 , 64 bit Build 19041 (10.0.19041.5915)
OS uptime: 2 days 15:18 hours

CPU: total 4 (initial active 4) (2 cores per cpu, 2 threads per core) family 6 model 61 stepping 4 microcode 0x2d, cx8, cmov, fxsr, ht, mmx, 3dnowpref, sse, sse2, sse3, ssse3, sse4.1, sse4.2, popcnt, lzcnt, tsc, tscinvbit, avx, avx2, aes, erms, clmul, bmi1, bmi2, rtm, adx, fma, vzeroupper, clflush, rdtscp, f16c
Processor Information for the first 4 processors :
  Max Mhz: 2301, Current Mhz: 2301, Mhz Limit: 2301

Memory: 4k page, system-wide physical 8067M (1026M free)
TotalPageFile size 29458M (AvailPageFile size 4M)
current process WorkingSet (physical memory assigned to process): 115M, peak: 115M
current process commit charge ("private bytes"): 242M, peak: 244M

vm_info: OpenJDK 64-Bit Server VM (21.0.9+10-LTS) for windows-amd64 JRE (21.0.9+10-LTS), built on 2025-10-21T00:00:00Z by "admin" with unknown MS VC++:1942

END.
